app/build/intermediates/manifest_merge_blame_file/debug/manifest-merger-blame-debug-report.txt
1<?xml version="1.0" encoding="utf-8"?>
2<manifest xmlns:android="http://schemas.android.com/apk/res/android"
3    package="com.store.proshop"
4    android:versionCode="23"
5    android:versionName="21.0.0" >
6
7    <uses-sdk
8        android:minSdkVersion="21"
8-->src\main\AndroidManifest.xml
9        android:targetSdkVersion="30" />
9-->src\main\AndroidManifest.xml
10
11    <uses-permission android:name="android.permission.ACCESS_NETWORK_STATE" />
11-->src\main\AndroidManifest.xml:5:5-79
11-->src\main\AndroidManifest.xml:5:22-76
12    <uses-permission android:name="android.permission.INTERNET" />
12-->src\main\AndroidManifest.xml:6:5-67
12-->src\main\AndroidManifest.xml:6:22-64
13    <uses-permission android:name="android.permission.ACCESS_COARSE_LOCATION" />
13-->src\main\AndroidManifest.xml:7:5-81
13-->src\main\AndroidManifest.xml:7:22-78
14    <uses-permission android:name="android.permission.ACCESS_FINE_LOCATION" />
14-->src\main\AndroidManifest.xml:8:5-79
14-->src\main\AndroidManifest.xml:8:22-76
15    <uses-permission android:name="android.permission.WRITE_EXTERNAL_STORAGE" />
15-->src\main\AndroidManifest.xml:9:5-81
15-->src\main\AndroidManifest.xml:9:22-78
16    <uses-permission android:name="android.permission.READ_EXTERNAL_STORAGE" />
16-->src\main\AndroidManifest.xml:10:5-80
16-->src\main\AndroidManifest.xml:10:22-77
17
18    <!-- Create a unique permission for your app and use it so only your app can receive your OneSignal messages. -->
19    <permission
19-->[com.onesignal:OneSignal:3.13.2] AndroidManifest.xml:7:5-9:47
20        android:name="com.store.proshop.permission.C2D_MESSAGE"
20-->[com.onesignal:OneSignal:3.13.2] AndroidManifest.xml:8:9-63
21        android:protectionLevel="signature" />
21-->[com.onesignal:OneSignal:3.13.2] AndroidManifest.xml:9:9-44
22
23    <uses-permission android:name="com.store.proshop.permission.C2D_MESSAGE" />
23-->[com.onesignal:OneSignal:3.13.2] AndroidManifest.xml:11:5-79
23-->[com.onesignal:OneSignal:3.13.2] AndroidManifest.xml:11:22-76
24    <uses-permission android:name="com.google.android.c2dm.permission.RECEIVE" /> <!-- Required, makes sure notifications are delivered on time. -->
24-->[com.onesignal:OneSignal:3.13.2] AndroidManifest.xml:17:5-82
24-->[com.onesignal:OneSignal:3.13.2] AndroidManifest.xml:17:22-79
25    <uses-permission android:name="android.permission.WAKE_LOCK" />
25-->[com.onesignal:OneSignal:3.13.2] AndroidManifest.xml:18:5-68
25-->[com.onesignal:OneSignal:3.13.2] AndroidManifest.xml:18:22-65
26    <!--
27 Required so the device vibrates on receiving a push notification.
28         Vibration settings of the device still apply.
29    -->
30    <uses-permission android:name="android.permission.VIBRATE" />
30-->[com.onesignal:OneSignal:3.13.2] AndroidManifest.xml:23:5-66
30-->[com.onesignal:OneSignal:3.13.2] AndroidManifest.xml:23:22-63
31    <!--
32 Use to restore notifications the user hasn't interacted with.
33         They could be missed notifications if the user reboots their device if this isn't in place.
34    -->
35    <uses-permission android:name="android.permission.RECEIVE_BOOT_COMPLETED" /> <!-- START: ShortcutBadger -->
35-->[com.onesignal:OneSignal:3.13.2] AndroidManifest.xml:29:5-81
35-->[com.onesignal:OneSignal:3.13.2] AndroidManifest.xml:29:22-78
36    <!-- Samsung -->
37    <uses-permission android:name="com.sec.android.provider.badge.permission.READ" />
37-->[com.onesignal:OneSignal:3.13.2] AndroidManifest.xml:31:5-86
37-->[com.onesignal:OneSignal:3.13.2] AndroidManifest.xml:31:22-83
38    <uses-permission android:name="com.sec.android.provider.badge.permission.WRITE" /> <!-- HTC -->
38-->[com.onesignal:OneSignal:3.13.2] AndroidManifest.xml:32:5-87
38-->[com.onesignal:OneSignal:3.13.2] AndroidManifest.xml:32:22-84
39    <uses-permission android:name="com.htc.launcher.permission.READ_SETTINGS" />
39-->[com.onesignal:OneSignal:3.13.2] AndroidManifest.xml:33:5-81
39-->[com.onesignal:OneSignal:3.13.2] AndroidManifest.xml:33:22-78
40    <uses-permission android:name="com.htc.launcher.permission.UPDATE_SHORTCUT" /> <!-- Sony -->
40-->[com.onesignal:OneSignal:3.13.2] AndroidManifest.xml:34:5-83
40-->[com.onesignal:OneSignal:3.13.2] AndroidManifest.xml:34:22-80
41    <uses-permission android:name="com.sonyericsson.home.permission.BROADCAST_BADGE" />
41-->[com.onesignal:OneSignal:3.13.2] AndroidManifest.xml:35:5-88
41-->[com.onesignal:OneSignal:3.13.2] AndroidManifest.xml:35:22-85
42    <uses-permission android:name="com.sonymobile.home.permission.PROVIDER_INSERT_BADGE" /> <!-- Apex -->
42-->[com.onesignal:OneSignal:3.13.2] AndroidManifest.xml:36:5-92
42-->[com.onesignal:OneSignal:3.13.2] AndroidManifest.xml:36:22-89
43    <uses-permission android:name="com.anddoes.launcher.permission.UPDATE_COUNT" /> <!-- Solid -->
43-->[com.onesignal:OneSignal:3.13.2] AndroidManifest.xml:37:5-84
43-->[com.onesignal:OneSignal:3.13.2] AndroidManifest.xml:37:22-81
44    <uses-permission android:name="com.majeur.launcher.permission.UPDATE_BADGE" /> <!-- Huawei -->
44-->[com.onesignal:OneSignal:3.13.2] AndroidManifest.xml:38:5-83
44-->[com.onesignal:OneSignal:3.13.2] AndroidManifest.xml:38:22-80
45    <uses-permission android:name="com.huawei.android.launcher.permission.CHANGE_BADGE" />
45-->[com.onesignal:OneSignal:3.13.2] AndroidManifest.xml:39:5-91
45-->[com.onesignal:OneSignal:3.13.2] AndroidManifest.xml:39:22-88
46    <uses-permission android:name="com.huawei.android.launcher.permission.READ_SETTINGS" />
46-->[com.onesignal:OneSignal:3.13.2] AndroidManifest.xml:40:5-92
46-->[com.onesignal:OneSignal:3.13.2] AndroidManifest.xml:40:22-89
47    <uses-permission android:name="com.huawei.android.launcher.permission.WRITE_SETTINGS" /> <!-- ZUK -->
47-->[com.onesignal:OneSignal:3.13.2] AndroidManifest.xml:41:5-93
47-->[com.onesignal:OneSignal:3.13.2] AndroidManifest.xml:41:22-90
48    <uses-permission android:name="android.permission.READ_APP_BADGE" /> <!-- OPPO -->
48-->[com.onesignal:OneSignal:3.13.2] AndroidManifest.xml:42:5-73
48-->[com.onesignal:OneSignal:3.13.2] AndroidManifest.xml:42:22-70
49    <uses-permission android:name="com.oppo.launcher.permission.READ_SETTINGS" />
49-->[com.onesignal:OneSignal:3.13.2] AndroidManifest.xml:43:5-82
49-->[com.onesignal:OneSignal:3.13.2] AndroidManifest.xml:43:22-79
50    <uses-permission android:name="com.oppo.launcher.permission.WRITE_SETTINGS" /> <!-- EvMe -->
50-->[com.onesignal:OneSignal:3.13.2] AndroidManifest.xml:44:5-83
50-->[com.onesignal:OneSignal:3.13.2] AndroidManifest.xml:44:22-80
51    <uses-permission android:name="me.everything.badger.permission.BADGE_COUNT_READ" />
51-->[com.onesignal:OneSignal:3.13.2] AndroidManifest.xml:45:5-88
51-->[com.onesignal:OneSignal:3.13.2] AndroidManifest.xml:45:22-85
52    <uses-permission android:name="me.everything.badger.permission.BADGE_COUNT_WRITE" />
52-->[com.onesignal:OneSignal:3.13.2] AndroidManifest.xml:46:5-89
52-->[com.onesignal:OneSignal:3.13.2] AndroidManifest.xml:46:22-86
53    <uses-permission android:name="com.google.android.finsky.permission.BIND_GET_INSTALL_REFERRER_SERVICE" />
53-->[com.google.android.gms:play-services-measurement:17.4.4] AndroidManifest.xml:26:5-110
53-->[com.google.android.gms:play-services-measurement:17.4.4] AndroidManifest.xml:26:22-107
54
55    <application
55-->src\main\AndroidManifest.xml:12:5-155:19
56        android:name="com.iqonic.store.ProShopApp"
56-->src\main\AndroidManifest.xml:13:9-35
57        android:allowBackup="false"
57-->src\main\AndroidManifest.xml:14:9-36
58        android:appComponentFactory="androidx.core.app.CoreComponentFactory"
58-->[androidx.core:core:1.1.0] AndroidManifest.xml:24:18-86
59        android:debuggable="true"
60        android:fullBackupContent="true"
60-->src\main\AndroidManifest.xml:15:9-41
61        android:icon="@mipmap/ic_launcher"
61-->src\main\AndroidManifest.xml:16:9-43
62        android:installLocation="preferExternal"
62-->src\main\AndroidManifest.xml:17:9-49
63        android:label="@string/app_name"
63-->src\main\AndroidManifest.xml:18:9-41
64        android:largeHeap="true"
64-->src\main\AndroidManifest.xml:19:9-33
65        android:roundIcon="@mipmap/ic_launcher_round"
65-->src\main\AndroidManifest.xml:20:9-54
66        android:supportsRtl="true"
66-->src\main\AndroidManifest.xml:21:9-35
67        android:testOnly="true"
68        android:theme="@style/NewAppTheme"
68-->src\main\AndroidManifest.xml:22:9-43
69        android:usesCleartextTraffic="true" >
69-->src\main\AndroidManifest.xml:23:9-44
70        <activity
70-->src\main\AndroidManifest.xml:26:9-29:58
71            android:name="com.iqonic.store.activity.ChangePwdActivity"
71-->src\main\AndroidManifest.xml:27:13-55
72            android:screenOrientation="portrait"
72-->src\main\AndroidManifest.xml:28:13-49
73            android:windowSoftInputMode="adjustResize" />
73-->src\main\AndroidManifest.xml:29:13-55
74        <activity
74-->src\main\AndroidManifest.xml:30:9-32:59
75            android:name="com.theartofdev.edmodo.cropper.CropImageActivity"
75-->src\main\AndroidManifest.xml:31:13-76
76            android:theme="@style/Base.Theme.AppCompat" />
76-->src\main\AndroidManifest.xml:32:13-56
77        <activity
77-->src\main\AndroidManifest.xml:33:9-35:52
78            android:name="com.iqonic.store.activity.AboutActivity"
78-->src\main\AndroidManifest.xml:34:13-51
79            android:screenOrientation="portrait" />
79-->src\main\AndroidManifest.xml:35:13-49
80        <activity
80-->src\main\AndroidManifest.xml:36:9-38:52
81            android:name="com.iqonic.store.activity.SubCategoryActivity"
81-->src\main\AndroidManifest.xml:37:13-57
82            android:screenOrientation="portrait" />
82-->src\main\AndroidManifest.xml:38:13-49
83        <activity
83-->src\main\AndroidManifest.xml:39:9-41:52
84            android:name="com.iqonic.store.activity.WebViewExternalProductActivity"
84-->src\main\AndroidManifest.xml:40:13-68
85            android:screenOrientation="portrait" />
85-->src\main\AndroidManifest.xml:41:13-49
86        <activity
86-->src\main\AndroidManifest.xml:42:9-45:54
87            android:name="com.iqonic.store.activity.WalkThroughActivity"
87-->src\main\AndroidManifest.xml:43:13-57
88            android:screenOrientation="portrait"
88-->src\main\AndroidManifest.xml:44:13-49
89            android:theme="@style/AppTheme.Splash" />
89-->src\main\AndroidManifest.xml:45:13-51
90        <activity
90-->src\main\AndroidManifest.xml:46:9-48:52
91            android:name="com.iqonic.store.activity.ZoomImageActivity"
91-->src\main\AndroidManifest.xml:47:13-55
92            android:screenOrientation="portrait" />
92-->src\main\AndroidManifest.xml:48:13-49
93        <activity
93-->src\main\AndroidManifest.xml:49:9-51:52
94            android:name="com.iqonic.store.activity.WebViewActivity"
94-->src\main\AndroidManifest.xml:50:13-53
95            android:screenOrientation="portrait" />
95-->src\main\AndroidManifest.xml:51:13-49
96        <activity
96-->src\main\AndroidManifest.xml:52:9-54:52
97            android:name="com.iqonic.store.activity.CouponActivity"
97-->src\main\AndroidManifest.xml:53:13-52
98            android:screenOrientation="portrait" />
98-->src\main\AndroidManifest.xml:54:13-49
99        <activity
99-->src\main\AndroidManifest.xml:55:9-57:52
100            android:name="com.iqonic.store.activity.CategoryActivity"
100-->src\main\AndroidManifest.xml:56:13-54
101            android:screenOrientation="portrait" />
101-->src\main\AndroidManifest.xml:57:13-49
102        <activity
102-->src\main\AndroidManifest.xml:58:9-60:52
103            android:name="com.iqonic.store.activity.ReviewsActivity"
103-->src\main\AndroidManifest.xml:59:13-53
104            android:screenOrientation="portrait" />
104-->src\main\AndroidManifest.xml:60:13-49
105
106        <meta-data
106-->src\main\AndroidManifest.xml:62:9-64:46
107            android:name="com.google.android.gms.ads.APPLICATION_ID"
107-->src\main\AndroidManifest.xml:63:13-69
108            android:value="@string/app_id" />
108-->src\main\AndroidManifest.xml:64:13-43
109        <meta-data
109-->src\main\AndroidManifest.xml:65:9-67:55
110            android:name="com.facebook.sdk.ApplicationId"
110-->src\main\AndroidManifest.xml:66:13-58
111            android:value="@string/facebook_app_id" />
111-->src\main\AndroidManifest.xml:67:13-52
112
113        <activity
113-->src\main\AndroidManifest.xml:69:9-72:48
114            android:name="com.facebook.FacebookActivity"
114-->src\main\AndroidManifest.xml:70:13-57
115            android:configChanges="keyboard|keyboardHidden|screenLayout|screenSize|orientation"
115-->src\main\AndroidManifest.xml:71:13-96
116            android:label="@string/app_name"
116-->src\main\AndroidManifest.xml:72:13-45
117            android:theme="@style/com_facebook_activity_theme" />
117-->[com.facebook.android:facebook-common:4.42.0] AndroidManifest.xml:32:13-63
118        <activity
118-->src\main\AndroidManifest.xml:73:9-84:20
119            android:name="com.facebook.CustomTabActivity"
119-->src\main\AndroidManifest.xml:74:13-58
120            android:exported="true" >
120-->src\main\AndroidManifest.xml:75:13-36
121            <intent-filter>
121-->src\main\AndroidManifest.xml:76:13-83:29
122                <action android:name="android.intent.action.VIEW" />
122-->src\main\AndroidManifest.xml:77:17-69
122-->src\main\AndroidManifest.xml:77:25-66
123
124                <category android:name="android.intent.category.DEFAULT" />
124-->src\main\AndroidManifest.xml:79:17-76
124-->src\main\AndroidManifest.xml:79:27-73
125                <category android:name="android.intent.category.BROWSABLE" />
125-->src\main\AndroidManifest.xml:80:17-78
125-->src\main\AndroidManifest.xml:80:27-75
126
127                <data android:scheme="@string/fb_login_protocol_scheme" />
127-->src\main\AndroidManifest.xml:82:17-75
127-->src\main\AndroidManifest.xml:82:23-72
128            </intent-filter>
129        </activity>
130        <activity
130-->src\main\AndroidManifest.xml:85:9-95:20
131            android:name="com.iqonic.store.activity.SplashActivity"
131-->src\main\AndroidManifest.xml:86:13-52
132            android:screenOrientation="portrait"
132-->src\main\AndroidManifest.xml:87:13-49
133            android:theme="@style/AppTheme.Splash" >
133-->src\main\AndroidManifest.xml:88:13-51
134            <intent-filter>
134-->src\main\AndroidManifest.xml:89:13-94:29
135                <action android:name="android.intent.action.MAIN" />
135-->src\main\AndroidManifest.xml:90:17-69
135-->src\main\AndroidManifest.xml:90:25-66
136                <action android:name="android.intent.action.VIEW" />
136-->src\main\AndroidManifest.xml:77:17-69
136-->src\main\AndroidManifest.xml:77:25-66
137
138                <category android:name="android.intent.category.LAUNCHER" />
138-->src\main\AndroidManifest.xml:93:17-77
138-->src\main\AndroidManifest.xml:93:27-74
139            </intent-filter>
140        </activity>
141        <activity
141-->src\main\AndroidManifest.xml:96:9-98:52
142            android:name="com.iqonic.store.activity.WishListActivity"
142-->src\main\AndroidManifest.xml:97:13-54
143            android:screenOrientation="portrait" />
143-->src\main\AndroidManifest.xml:98:13-49
144        <activity android:name="com.iqonic.store.AppBaseActivity" />
144-->src\main\AndroidManifest.xml:99:9-53
144-->src\main\AndroidManifest.xml:99:19-50
145        <activity
145-->src\main\AndroidManifest.xml:100:9-103:58
146            android:name="com.iqonic.store.activity.SignInUpActivity"
146-->src\main\AndroidManifest.xml:101:13-54
147            android:screenOrientation="portrait"
147-->src\main\AndroidManifest.xml:102:13-49
148            android:windowSoftInputMode="adjustResize" />
148-->src\main\AndroidManifest.xml:103:13-55
149        <activity
149-->src\main\AndroidManifest.xml:104:9-108:55
150            android:name="com.iqonic.store.activity.DashBoardActivity"
150-->src\main\AndroidManifest.xml:105:13-55
151            android:launchMode="singleTask"
151-->src\main\AndroidManifest.xml:106:13-44
152            android:screenOrientation="portrait"
152-->src\main\AndroidManifest.xml:107:13-49
153            android:windowSoftInputMode="adjustPan" />
153-->src\main\AndroidManifest.xml:108:13-52
154        <activity
154-->src\main\AndroidManifest.xml:109:9-111:52
155            android:name="com.iqonic.store.activity.OrderDescriptionActivity"
155-->src\main\AndroidManifest.xml:110:13-62
156            android:screenOrientation="portrait" />
156-->src\main\AndroidManifest.xml:111:13-49
157        <activity
157-->src\main\AndroidManifest.xml:112:9-114:52
158            android:name="com.iqonic.store.activity.OrderActivity"
158-->src\main\AndroidManifest.xml:113:13-51
159            android:screenOrientation="portrait" />
159-->src\main\AndroidManifest.xml:114:13-49
160        <activity
160-->src\main\AndroidManifest.xml:115:9-118:52
161            android:name="com.iqonic.store.activity.ProductDetailActivity1"
161-->src\main\AndroidManifest.xml:116:13-60
162            android:label=""
162-->src\main\AndroidManifest.xml:117:13-29
163            android:screenOrientation="portrait" />
163-->src\main\AndroidManifest.xml:118:13-49
164        <activity
164-->src\main\AndroidManifest.xml:119:9-121:52
165            android:name="com.iqonic.store.activity.OrderSummaryActivity"
165-->src\main\AndroidManifest.xml:120:13-58
166            android:screenOrientation="portrait" />
166-->src\main\AndroidManifest.xml:121:13-49
167        <activity
167-->src\main\AndroidManifest.xml:122:9-124:52
168            android:name="com.iqonic.store.activity.MyCartActivity"
168-->src\main\AndroidManifest.xml:123:13-52
169            android:screenOrientation="portrait" />
169-->src\main\AndroidManifest.xml:124:13-49
170        <activity
170-->src\main\AndroidManifest.xml:125:9-127:52
171            android:name="com.iqonic.store.activity.SearchActivity"
171-->src\main\AndroidManifest.xml:126:13-52
172            android:screenOrientation="portrait" />
172-->src\main\AndroidManifest.xml:127:13-49
173        <activity
173-->src\main\AndroidManifest.xml:128:9-130:52
174            android:name="com.iqonic.store.activity.ViewAllProductActivity"
174-->src\main\AndroidManifest.xml:129:13-60
175            android:screenOrientation="portrait" />
175-->src\main\AndroidManifest.xml:130:13-49
176        <activity
176-->src\main\AndroidManifest.xml:131:9-134:58
177            android:name="com.iqonic.store.activity.EditProfileActivity"
177-->src\main\AndroidManifest.xml:132:13-57
178            android:screenOrientation="portrait"
178-->src\main\AndroidManifest.xml:133:13-49
179            android:windowSoftInputMode="adjustResize" />
179-->src\main\AndroidManifest.xml:134:13-55
180
181        <provider
182            android:name="androidx.core.content.FileProvider"
182-->src\main\AndroidManifest.xml:137:13-62
183            android:authorities="com.store.proshop.provider"
183-->src\main\AndroidManifest.xml:138:13-60
184            android:exported="false"
184-->src\main\AndroidManifest.xml:139:13-37
185            android:grantUriPermissions="true" >
185-->src\main\AndroidManifest.xml:140:13-47
186            <meta-data
186-->src\main\AndroidManifest.xml:141:13-143:48
187                android:name="android.support.FILE_PROVIDER_PATHS"
187-->src\main\AndroidManifest.xml:142:17-67
188                android:resource="@xml/path" />
188-->src\main\AndroidManifest.xml:143:17-45
189        </provider>
190
191        <activity
191-->src\main\AndroidManifest.xml:145:9-147:52
192            android:name="com.iqonic.store.activity.PaymentSuccessfullyActivity"
192-->src\main\AndroidManifest.xml:146:13-65
193            android:screenOrientation="portrait" />
193-->src\main\AndroidManifest.xml:147:13-49
194        <activity
194-->src\main\AndroidManifest.xml:148:9-150:52
195            android:name="com.iqonic.store.stripe.StripePaymentActivity"
195-->src\main\AndroidManifest.xml:149:13-57
196            android:screenOrientation="portrait" />
196-->src\main\AndroidManifest.xml:150:13-49
197        <activity
197-->src\main\AndroidManifest.xml:151:9-154:52
198            android:name="com.iqonic.store.activity.ProductDetailActivity2"
198-->src\main\AndroidManifest.xml:152:13-60
199            android:label=""
199-->src\main\AndroidManifest.xml:153:13-29
200            android:screenOrientation="portrait" />
200-->src\main\AndroidManifest.xml:154:13-49
201        <activity
201-->[com.stripe:stripe-android:14.5.0] AndroidManifest.xml:12:9-14:57
202            android:name="com.stripe.android.view.AddPaymentMethodActivity"
202-->[com.stripe:stripe-android:14.5.0] AndroidManifest.xml:13:13-76
203            android:theme="@style/StripeDefaultTheme" />
203-->[com.stripe:stripe-android:14.5.0] AndroidManifest.xml:14:13-54
204        <activity
204-->[com.stripe:stripe-android:14.5.0] AndroidManifest.xml:15:9-17:57
205            android:name="com.stripe.android.view.PaymentMethodsActivity"
205-->[com.stripe:stripe-android:14.5.0] AndroidManifest.xml:16:13-74
206            android:theme="@style/StripeDefaultTheme" />
206-->[com.stripe:stripe-android:14.5.0] AndroidManifest.xml:17:13-54
207        <activity
207-->[com.stripe:stripe-android:14.5.0] AndroidManifest.xml:18:9-20:57
208            android:name="com.stripe.android.view.PaymentFlowActivity"
208-->[com.stripe:stripe-android:14.5.0] AndroidManifest.xml:19:13-71
209            android:theme="@style/StripeDefaultTheme" />
209-->[com.stripe:stripe-android:14.5.0] AndroidManifest.xml:20:13-54
210        <activity
210-->[com.stripe:stripe-android:14.5.0] AndroidManifest.xml:21:9-23:57
211            android:name="com.stripe.android.view.PaymentAuthWebViewActivity"
211-->[com.stripe:stripe-android:14.5.0] AndroidManifest.xml:22:13-78
212            android:theme="@style/StripeDefaultTheme" />
212-->[com.stripe:stripe-android:14.5.0] AndroidManifest.xml:23:13-54
213        <activity
213-->[com.stripe:stripe-android:14.5.0] AndroidManifest.xml:24:9-26:57
214            android:name="com.stripe.android.view.PaymentRelayActivity"
214-->[com.stripe:stripe-android:14.5.0] AndroidManifest.xml:25:13-72
215            android:theme="@style/StripeDefaultTheme" />
215-->[com.stripe:stripe-android:14.5.0] AndroidManifest.xml:26:13-54
216        <activity
216-->[com.stripe:stripe-android:14.5.0] AndroidManifest.xml:27:9-29:57
217            android:name="com.stripe.android.view.Stripe3ds2CompletionActivity"
217-->[com.stripe:stripe-android:14.5.0] AndroidManifest.xml:28:13-80
218            android:theme="@style/StripeDefaultTheme" />
218-->[com.stripe:stripe-android:14.5.0] AndroidManifest.xml:29:13-54
219        <activity
219-->[com.stripe:stripe-3ds2-android:3.0.2] AndroidManifest.xml:12:9-14:54
220            android:name="com.stripe.android.stripe3ds2.views.ChallengeActivity"
220-->[com.stripe:stripe-3ds2-android:3.0.2] AndroidManifest.xml:13:13-81
221            android:theme="@style/Stripe3DS2Theme" />
221-->[com.stripe:stripe-3ds2-android:3.0.2] AndroidManifest.xml:14:13-51
222        <activity
222-->[com.stripe:stripe-3ds2-android:3.0.2] AndroidManifest.xml:15:9-17:54
223            android:name="com.stripe.android.stripe3ds2.views.ChallengeProgressDialogActivity"
223-->[com.stripe:stripe-3ds2-android:3.0.2] AndroidManifest.xml:16:13-95
224            android:theme="@style/Stripe3DS2Theme" />
224-->[com.stripe:stripe-3ds2-android:3.0.2] AndroidManifest.xml:17:13-51
225        <activity android:name="com.facebook.CustomTabMainActivity" />
225-->[com.facebook.android:facebook-common:4.42.0] AndroidManifest.xml:33:9-71
225-->[com.facebook.android:facebook-common:4.42.0] AndroidManifest.xml:33:19-68
226        <activity
226-->[com.google.firebase:firebase-auth:19.4.0] AndroidManifest.xml:24:9-31:50
227            android:name="com.google.firebase.auth.internal.FederatedSignInActivity"
227-->[com.google.firebase:firebase-auth:19.4.0] AndroidManifest.xml:25:13-85
228            android:excludeFromRecents="true"
228-->[com.google.firebase:firebase-auth:19.4.0] AndroidManifest.xml:26:13-46
229            android:exported="true"
229-->[com.google.firebase:firebase-auth:19.4.0] AndroidManifest.xml:27:13-36
230            android:launchMode="singleTask"
230-->[com.google.firebase:firebase-auth:19.4.0] AndroidManifest.xml:28:13-44
231            android:permission="com.google.firebase.auth.api.gms.permission.LAUNCH_FEDERATED_SIGN_IN"
231-->[com.google.firebase:firebase-auth:19.4.0] AndroidManifest.xml:29:13-102
232            android:theme="@android:style/Theme.Translucent.NoTitleBar" />
232-->[com.google.firebase:firebase-auth:19.4.0] AndroidManifest.xml:30:13-72
233
234        <service
234-->[com.google.firebase:firebase-auth:19.4.0] AndroidManifest.xml:33:9-39:19
235            android:name="com.google.firebase.components.ComponentDiscoveryService"
235-->[com.google.firebase:firebase-auth:19.4.0] AndroidManifest.xml:34:13-84
236            android:directBootAware="true"
236-->[com.google.firebase:firebase-common:19.3.0] AndroidManifest.xml:34:13-43
237            android:exported="false" >
237-->[com.google.firebase:firebase-auth:19.4.0] AndroidManifest.xml:35:13-37
238            <meta-data
238-->[com.google.firebase:firebase-auth:19.4.0] AndroidManifest.xml:36:13-38:85
239                android:name="com.google.firebase.components:com.google.firebase.auth.FirebaseAuthRegistrar"
239-->[com.google.firebase:firebase-auth:19.4.0] AndroidManifest.xml:37:17-109
240                android:value="com.google.firebase.components.ComponentRegistrar" />
240-->[com.google.firebase:firebase-auth:19.4.0] AndroidManifest.xml:38:17-82
241            <meta-data
241-->[com.google.firebase:firebase-iid:17.0.3] AndroidManifest.xml:32:13-34:85
242                android:name="com.google.firebase.components:com.google.firebase.iid.Registrar"
242-->[com.google.firebase:firebase-iid:17.0.3] AndroidManifest.xml:33:17-96
243                android:value="com.google.firebase.components.ComponentRegistrar" />
243-->[com.google.firebase:firebase-iid:17.0.3] AndroidManifest.xml:34:17-82
244            <meta-data
244-->[com.google.android.gms:play-services-measurement-api:17.4.4] AndroidManifest.xml:30:13-32:85
245                android:name="com.google.firebase.components:com.google.firebase.analytics.connector.internal.AnalyticsConnectorRegistrar"
245-->[com.google.android.gms:play-services-measurement-api:17.4.4] AndroidManifest.xml:31:17-139
246                android:value="com.google.firebase.components.ComponentRegistrar" />
246-->[com.google.android.gms:play-services-measurement-api:17.4.4] AndroidManifest.xml:32:17-82
247            <meta-data
247-->[com.google.firebase:firebase-installations:16.3.2] AndroidManifest.xml:17:13-19:85
248                android:name="com.google.firebase.components:com.google.firebase.installations.FirebaseInstallationsRegistrar"
248-->[com.google.firebase:firebase-installations:16.3.2] AndroidManifest.xml:18:17-127
249                android:value="com.google.firebase.components.ComponentRegistrar" />
249-->[com.google.firebase:firebase-installations:16.3.2] AndroidManifest.xml:19:17-82
250        </service>
251
252        <meta-data
252-->[com.onesignal:OneSignal:3.13.2] AndroidManifest.xml:49:9-51:51
253            android:name="onesignal_app_id"
253-->[com.onesignal:OneSignal:3.13.2] AndroidManifest.xml:50:13-44
254            android:value="69638a56-f66b-46f6-809a-91f113edce2f" /> <!-- Deprecated - Pulled from OneSignal dashboard. -->
254-->[com.onesignal:OneSignal:3.13.2] AndroidManifest.xml:51:13-48
255        <meta-data
255-->[com.onesignal:OneSignal:3.13.2] AndroidManifest.xml:53:9-55:70
256            android:name="onesignal_google_project_number"
256-->[com.onesignal:OneSignal:3.13.2] AndroidManifest.xml:54:13-59
257            android:value="str:REMOTE" />
257-->[com.onesignal:OneSignal:3.13.2] AndroidManifest.xml:55:13-67
258
259        <receiver
259-->[com.onesignal:OneSignal:3.13.2] AndroidManifest.xml:57:9-67:20
260            android:name="com.onesignal.GcmBroadcastReceiver"
260-->[com.onesignal:OneSignal:3.13.2] AndroidManifest.xml:58:13-62
261            android:permission="com.google.android.c2dm.permission.SEND" >
261-->[com.onesignal:OneSignal:3.13.2] AndroidManifest.xml:59:13-73
262
263            <!-- High priority so OneSignal payloads can be filtered from other GCM receivers if filterOtherGCMReceivers is enabled. -->
264            <intent-filter android:priority="999" >
264-->[com.onesignal:OneSignal:3.13.2] AndroidManifest.xml:62:13-66:29
264-->[com.onesignal:OneSignal:3.13.2] AndroidManifest.xml:62:28-50
265                <action android:name="com.google.android.c2dm.intent.RECEIVE" />
265-->[com.onesignal:OneSignal:3.13.2] AndroidManifest.xml:63:17-81
265-->[com.onesignal:OneSignal:3.13.2] AndroidManifest.xml:63:25-78
266
267                <category android:name="com.store.proshop" />
267-->[com.onesignal:OneSignal:3.13.2] AndroidManifest.xml:65:17-61
267-->[com.onesignal:OneSignal:3.13.2] AndroidManifest.xml:65:27-58
268            </intent-filter>
269        </receiver>
270        <receiver android:name="com.onesignal.NotificationOpenedReceiver" />
270-->[com.onesignal:OneSignal:3.13.2] AndroidManifest.xml:68:9-77
270-->[com.onesignal:OneSignal:3.13.2] AndroidManifest.xml:68:19-74
271
272        <service android:name="com.onesignal.GcmIntentService" />
272-->[com.onesignal:OneSignal:3.13.2] AndroidManifest.xml:70:9-66
272-->[com.onesignal:OneSignal:3.13.2] AndroidManifest.xml:70:18-63
273        <service
273-->[com.onesignal:OneSignal:3.13.2] AndroidManifest.xml:71:9-73:72
274            android:name="com.onesignal.GcmIntentJobService"
274-->[com.onesignal:OneSignal:3.13.2] AndroidManifest.xml:72:13-61
275            android:permission="android.permission.BIND_JOB_SERVICE" />
275-->[com.onesignal:OneSignal:3.13.2] AndroidManifest.xml:73:13-69
276        <service